{"name":"hexo","hostname":"Cap.fios-router.home","pid":3597,"level":20,"msg":"Hexo version: \u001b[35m3.2.2\u001b[39m","time":"2016-10-12T03:05:24.065Z","v":0}
{"name":"hexo","hostname":"Cap.fios-router.home","pid":3597,"level":20,"msg":"Working directory: \u001b[35m~/Github/akanarika.github.io/\u001b[39m","time":"2016-10-12T03:05:24.069Z","v":0}
{"name":"hexo","hostname":"Cap.fios-router.home","pid":3597,"level":20,"msg":"Config loaded: \u001b[35m~/Github/akanarika.github.io/_config.yml\u001b[39m","time":"2016-10-12T03:05:24.264Z","v":0}
{"name":"hexo","hostname":"Cap.fios-router.home","pid":3597,"level":20,"msg":"Script loaded: \u001b[35mthemes/DDD/scripts/fancybox.js\u001b[39m","time":"2016-10-12T03:05:24.284Z","v":0}
{"name":"hexo","hostname":"Cap.fios-router.home","pid":3597,"level":20,"msg":"Plugin loaded: \u001b[35mhexo-generator-archive\u001b[39m","time":"2016-10-12T03:05:24.293Z","v":0}
{"name":"hexo","hostname":"Cap.fios-router.home","pid":3597,"level":20,"msg":"Plugin loaded: \u001b[35mhexo-generator-category\u001b[39m","time":"2016-10-12T03:05:24.300Z","v":0}
{"name":"hexo","hostname":"Cap.fios-router.home","pid":3597,"level":20,"msg":"Plugin loaded: \u001b[35mhexo-generator-index\u001b[39m","time":"2016-10-12T03:05:24.306Z","v":0}
{"name":"hexo","hostname":"Cap.fios-router.home","pid":3597,"level":20,"msg":"Plugin loaded: \u001b[35mhexo-deployer-git\u001b[39m","time":"2016-10-12T03:05:24.827Z","v":0}
{"name":"hexo","hostname":"Cap.fios-router.home","pid":3597,"level":20,"msg":"Plugin loaded: \u001b[35mhexo-generator-tag\u001b[39m","time":"2016-10-12T03:05:24.833Z","v":0}
{"name":"hexo","hostname":"Cap.fios-router.home","pid":3597,"level":20,"msg":"Plugin loaded: \u001b[35mhexo-renderer-ejs\u001b[39m","time":"2016-10-12T03:05:24.841Z","v":0}
{"name":"hexo","hostname":"Cap.fios-router.home","pid":3597,"level":20,"msg":"Plugin loaded: \u001b[35mhexo-renderer-stylus\u001b[39m","time":"2016-10-12T03:05:24.844Z","v":0}
{"name":"hexo","hostname":"Cap.fios-router.home","pid":3597,"level":20,"msg":"Plugin loaded: \u001b[35mhexo-renderer-marked\u001b[39m","time":"2016-10-12T03:05:25.022Z","v":0}
{"name":"hexo","hostname":"Cap.fios-router.home","pid":3597,"level":20,"msg":"Plugin loaded: \u001b[35mhexo-server\u001b[39m","time":"2016-10-12T03:05:25.274Z","v":0}
{"name":"hexo","hostname":"Cap.fios-router.home","pid":3597,"level":20,"msg":"Loading database.","time":"2016-10-12T03:05:25.288Z","v":0}
{"name":"hexo","hostname":"Cap.fios-router.home","pid":3597,"level":30,"msg":"Start processing","time":"2016-10-12T03:05:25.297Z","v":0}
{"name":"hexo","hostname":"Cap.fios-router.home","pid":3597,"level":20,"msg":"Theme config loaded.","time":"2016-10-12T03:05:25.392Z","v":0}
{"name":"hexo","hostname":"Cap.fios-router.home","pid":3597,"level":20,"msg":"Processed: \u001b[35m_config.yml\u001b[39m","time":"2016-10-12T03:05:25.393Z","v":0}
{"name":"hexo","hostname":"Cap.fios-router.home","pid":3597,"level":20,"msg":"Processed: \u001b[35msource/css/style.styl\u001b[39m","time":"2016-10-12T03:05:25.411Z","v":0}
{"name":"hexo","hostname":"Cap.fios-router.home","pid":3597,"level":20,"msg":"Processed: \u001b[35msource/fancybox/blank.gif\u001b[39m","time":"2016-10-12T03:05:25.411Z","v":0}
{"name":"hexo","hostname":"Cap.fios-router.home","pid":3597,"level":20,"msg":"Processed: \u001b[35msource/fancybox/fancybox_loading.gif\u001b[39m","time":"2016-10-12T03:05:25.412Z","v":0}
{"name":"hexo","hostname":"Cap.fios-router.home","pid":3597,"level":20,"msg":"Processed: \u001b[35msource/fancybox/fancybox_loading@2x.gif\u001b[39m","time":"2016-10-12T03:05:25.412Z","v":0}
{"name":"hexo","hostname":"Cap.fios-router.home","pid":3597,"level":20,"msg":"Processed: \u001b[35msource/fancybox/fancybox_sprite.png\u001b[39m","time":"2016-10-12T03:05:25.413Z","v":0}
{"name":"hexo","hostname":"Cap.fios-router.home","pid":3597,"level":20,"msg":"Processed: \u001b[35msource/fancybox/fancybox_overlay.png\u001b[39m","time":"2016-10-12T03:05:25.414Z","v":0}
{"name":"hexo","hostname":"Cap.fios-router.home","pid":3597,"level":20,"msg":"Processed: \u001b[35msource/fancybox/fancybox_sprite@2x.png\u001b[39m","time":"2016-10-12T03:05:25.416Z","v":0}
{"name":"hexo","hostname":"Cap.fios-router.home","pid":3597,"level":20,"msg":"Processed: \u001b[35msource/fancybox/jquery.fancybox.css\u001b[39m","time":"2016-10-12T03:05:25.416Z","v":0}
{"name":"hexo","hostname":"Cap.fios-router.home","pid":3597,"level":20,"msg":"Processed: \u001b[35msource/js/script.js\u001b[39m","time":"2016-10-12T03:05:25.416Z","v":0}
{"name":"hexo","hostname":"Cap.fios-router.home","pid":3597,"level":20,"msg":"Processed: \u001b[35msource/fancybox/jquery.fancybox.pack.js\u001b[39m","time":"2016-10-12T03:05:25.417Z","v":0}
{"name":"hexo","hostname":"Cap.fios-router.home","pid":3597,"level":20,"msg":"Processed: \u001b[35msource/fancybox/jquery.fancybox.js\u001b[39m","time":"2016-10-12T03:05:25.417Z","v":0}
{"name":"hexo","hostname":"Cap.fios-router.home","pid":3597,"level":20,"msg":"Processed: \u001b[35mlayout/.DS_Store\u001b[39m","time":"2016-10-12T03:05:25.437Z","v":0}
{"name":"hexo","hostname":"Cap.fios-router.home","pid":3597,"level":20,"msg":"Processed: \u001b[35mlayout/archive.ejs\u001b[39m","time":"2016-10-12T03:05:25.438Z","v":0}
{"name":"hexo","hostname":"Cap.fios-router.home","pid":3597,"level":20,"msg":"Processed: \u001b[35mlayout/category.ejs\u001b[39m","time":"2016-10-12T03:05:25.438Z","v":0}
{"name":"hexo","hostname":"Cap.fios-router.home","pid":3597,"level":20,"msg":"Processed: \u001b[35mlayout/index.ejs\u001b[39m","time":"2016-10-12T03:05:25.438Z","v":0}
{"name":"hexo","hostname":"Cap.fios-router.home","pid":3597,"level":20,"msg":"Processed: \u001b[35mlayout/layout.ejs\u001b[39m","time":"2016-10-12T03:05:25.438Z","v":0}
{"name":"hexo","hostname":"Cap.fios-router.home","pid":3597,"level":20,"msg":"Processed: \u001b[35mlayout/post.ejs\u001b[39m","time":"2016-10-12T03:05:25.439Z","v":0}
{"name":"hexo","hostname":"Cap.fios-router.home","pid":3597,"level":20,"msg":"Processed: \u001b[35mlayout/page.ejs\u001b[39m","time":"2016-10-12T03:05:25.439Z","v":0}
{"name":"hexo","hostname":"Cap.fios-router.home","pid":3597,"level":20,"msg":"Processed: \u001b[35mlayout/tag.ejs\u001b[39m","time":"2016-10-12T03:05:25.440Z","v":0}
{"name":"hexo","hostname":"Cap.fios-router.home","pid":3597,"level":20,"msg":"Processed: \u001b[35m_posts/hello-world.md\u001b[39m","time":"2016-10-12T03:05:25.457Z","v":0}
{"name":"hexo","hostname":"Cap.fios-router.home","pid":3597,"level":20,"msg":"Processed: \u001b[35mlanguages/default.yml\u001b[39m","time":"2016-10-12T03:05:25.458Z","v":0}
{"name":"hexo","hostname":"Cap.fios-router.home","pid":3597,"level":20,"msg":"Processed: \u001b[35mlanguages/.DS_Store\u001b[39m","time":"2016-10-12T03:05:25.458Z","v":0}
{"name":"hexo","hostname":"Cap.fios-router.home","pid":3597,"level":20,"msg":"Processed: \u001b[35mlanguages/fr.yml\u001b[39m","time":"2016-10-12T03:05:25.458Z","v":0}
{"name":"hexo","hostname":"Cap.fios-router.home","pid":3597,"level":20,"msg":"Processed: \u001b[35mlanguages/no.yml\u001b[39m","time":"2016-10-12T03:05:25.458Z","v":0}
{"name":"hexo","hostname":"Cap.fios-router.home","pid":3597,"level":20,"msg":"Processed: \u001b[35mlanguages/zh-TW.yml\u001b[39m","time":"2016-10-12T03:05:25.458Z","v":0}
{"name":"hexo","hostname":"Cap.fios-router.home","pid":3597,"level":20,"msg":"Processed: \u001b[35mlanguages/zh-CN.yml\u001b[39m","time":"2016-10-12T03:05:25.458Z","v":0}
{"name":"hexo","hostname":"Cap.fios-router.home","pid":3597,"level":20,"msg":"Processed: \u001b[35mlanguages/nl.yml\u001b[39m","time":"2016-10-12T03:05:25.458Z","v":0}
{"name":"hexo","hostname":"Cap.fios-router.home","pid":3597,"level":20,"msg":"Processed: \u001b[35mlanguages/ru.yml\u001b[39m","time":"2016-10-12T03:05:25.458Z","v":0}
{"name":"hexo","hostname":"Cap.fios-router.home","pid":3597,"level":20,"msg":"Processed: \u001b[35msource/css/fonts/fontawesome-webfont.eot\u001b[39m","time":"2016-10-12T03:05:25.503Z","v":0}
{"name":"hexo","hostname":"Cap.fios-router.home","pid":3597,"level":20,"msg":"Processed: \u001b[35msource/css/fonts/FontAwesome.otf\u001b[39m","time":"2016-10-12T03:05:25.505Z","v":0}
{"name":"hexo","hostname":"Cap.fios-router.home","pid":3597,"level":20,"msg":"Processed: \u001b[35msource/fancybox/helpers/fancybox_buttons.png\u001b[39m","time":"2016-10-12T03:05:25.506Z","v":0}
{"name":"hexo","hostname":"Cap.fios-router.home","pid":3597,"level":20,"msg":"Processed: \u001b[35msource/css/fonts/fontawesome-webfont.woff\u001b[39m","time":"2016-10-12T03:05:25.506Z","v":0}
{"name":"hexo","hostname":"Cap.fios-router.home","pid":3597,"level":20,"msg":"Processed: \u001b[35msource/fancybox/helpers/jquery.fancybox-buttons.css\u001b[39m","time":"2016-10-12T03:05:25.506Z","v":0}
{"name":"hexo","hostname":"Cap.fios-router.home","pid":3597,"level":20,"msg":"Processed: \u001b[35msource/fancybox/helpers/jquery.fancybox-buttons.js\u001b[39m","time":"2016-10-12T03:05:25.507Z","v":0}
{"name":"hexo","hostname":"Cap.fios-router.home","pid":3597,"level":20,"msg":"Processed: \u001b[35msource/fancybox/helpers/jquery.fancybox-media.js\u001b[39m","time":"2016-10-12T03:05:25.507Z","v":0}
{"name":"hexo","hostname":"Cap.fios-router.home","pid":3597,"level":20,"msg":"Processed: \u001b[35msource/fancybox/helpers/jquery.fancybox-thumbs.css\u001b[39m","time":"2016-10-12T03:05:25.507Z","v":0}
{"name":"hexo","hostname":"Cap.fios-router.home","pid":3597,"level":20,"msg":"Processed: \u001b[35msource/fancybox/helpers/jquery.fancybox-thumbs.js\u001b[39m","time":"2016-10-12T03:05:25.508Z","v":0}
{"name":"hexo","hostname":"Cap.fios-router.home","pid":3597,"level":20,"msg":"Processed: \u001b[35mlayout/_partial/after-footer.ejs\u001b[39m","time":"2016-10-12T03:05:25.517Z","v":0}
{"name":"hexo","hostname":"Cap.fios-router.home","pid":3597,"level":20,"msg":"Processed: \u001b[35mlayout/_partial/archive-post.ejs\u001b[39m","time":"2016-10-12T03:05:25.517Z","v":0}
{"name":"hexo","hostname":"Cap.fios-router.home","pid":3597,"level":20,"msg":"Processed: \u001b[35mlayout/_partial/archive.ejs\u001b[39m","time":"2016-10-12T03:05:25.517Z","v":0}
{"name":"hexo","hostname":"Cap.fios-router.home","pid":3597,"level":20,"msg":"Processed: \u001b[35mlayout/_partial/article.ejs\u001b[39m","time":"2016-10-12T03:05:25.517Z","v":0}
{"name":"hexo","hostname":"Cap.fios-router.home","pid":3597,"level":20,"msg":"Processed: \u001b[35mlayout/_partial/footer.ejs\u001b[39m","time":"2016-10-12T03:05:25.517Z","v":0}
{"name":"hexo","hostname":"Cap.fios-router.home","pid":3597,"level":20,"msg":"Processed: \u001b[35mlayout/_partial/google-analytics.ejs\u001b[39m","time":"2016-10-12T03:05:25.517Z","v":0}
{"name":"hexo","hostname":"Cap.fios-router.home","pid":3597,"level":20,"msg":"Processed: \u001b[35mlayout/_partial/header.ejs\u001b[39m","time":"2016-10-12T03:05:25.517Z","v":0}
{"name":"hexo","hostname":"Cap.fios-router.home","pid":3597,"level":20,"msg":"Processed: \u001b[35mlayout/_partial/head.ejs\u001b[39m","time":"2016-10-12T03:05:25.517Z","v":0}
{"name":"hexo","hostname":"Cap.fios-router.home","pid":3597,"level":20,"msg":"Processed: \u001b[35mlayout/_partial/mobile-nav.ejs\u001b[39m","time":"2016-10-12T03:05:25.518Z","v":0}
{"name":"hexo","hostname":"Cap.fios-router.home","pid":3597,"level":20,"msg":"Processed: \u001b[35mlayout/_widget/.DS_Store\u001b[39m","time":"2016-10-12T03:05:25.518Z","v":0}
{"name":"hexo","hostname":"Cap.fios-router.home","pid":3597,"level":20,"msg":"Processed: \u001b[35mlayout/_partial/sidebar.ejs\u001b[39m","time":"2016-10-12T03:05:25.518Z","v":0}
{"name":"hexo","hostname":"Cap.fios-router.home","pid":3597,"level":20,"msg":"Processed: \u001b[35mlayout/_widget/archive.ejs\u001b[39m","time":"2016-10-12T03:05:25.518Z","v":0}
{"name":"hexo","hostname":"Cap.fios-router.home","pid":3597,"level":20,"msg":"Processed: \u001b[35mlayout/_widget/category.ejs\u001b[39m","time":"2016-10-12T03:05:25.518Z","v":0}
{"name":"hexo","hostname":"Cap.fios-router.home","pid":3597,"level":20,"msg":"Processed: \u001b[35mlayout/_widget/tagcloud.ejs\u001b[39m","time":"2016-10-12T03:05:25.518Z","v":0}
{"name":"hexo","hostname":"Cap.fios-router.home","pid":3597,"level":20,"msg":"Processed: \u001b[35mlayout/_widget/recent_posts.ejs\u001b[39m","time":"2016-10-12T03:05:25.518Z","v":0}
{"name":"hexo","hostname":"Cap.fios-router.home","pid":3597,"level":20,"msg":"Processed: \u001b[35mlayout/_widget/tag.ejs\u001b[39m","time":"2016-10-12T03:05:25.518Z","v":0}
{"name":"hexo","hostname":"Cap.fios-router.home","pid":3597,"level":20,"msg":"Processed: \u001b[35msource/css/fonts/fontawesome-webfont.ttf\u001b[39m","time":"2016-10-12T03:05:25.519Z","v":0}
{"name":"hexo","hostname":"Cap.fios-router.home","pid":3597,"level":20,"msg":"Processed: \u001b[35mlayout/_partial/post/category.ejs\u001b[39m","time":"2016-10-12T03:05:25.523Z","v":0}
{"name":"hexo","hostname":"Cap.fios-router.home","pid":3597,"level":20,"msg":"Processed: \u001b[35mlayout/_partial/post/gallery.ejs\u001b[39m","time":"2016-10-12T03:05:25.523Z","v":0}
{"name":"hexo","hostname":"Cap.fios-router.home","pid":3597,"level":20,"msg":"Processed: \u001b[35mlayout/_partial/post/nav.ejs\u001b[39m","time":"2016-10-12T03:05:25.523Z","v":0}
{"name":"hexo","hostname":"Cap.fios-router.home","pid":3597,"level":20,"msg":"Processed: \u001b[35mlayout/_partial/post/tag.ejs\u001b[39m","time":"2016-10-12T03:05:25.523Z","v":0}
{"name":"hexo","hostname":"Cap.fios-router.home","pid":3597,"level":20,"msg":"Processed: \u001b[35mlayout/_partial/post/date.ejs\u001b[39m","time":"2016-10-12T03:05:25.523Z","v":0}
{"name":"hexo","hostname":"Cap.fios-router.home","pid":3597,"level":20,"msg":"Processed: \u001b[35mlayout/_partial/post/title.ejs\u001b[39m","time":"2016-10-12T03:05:25.523Z","v":0}
{"name":"hexo","hostname":"Cap.fios-router.home","pid":3597,"level":20,"msg":"Processed: \u001b[35msource/css/fonts/fontawesome-webfont.svg\u001b[39m","time":"2016-10-12T03:05:25.524Z","v":0}
{"name":"hexo","hostname":"Cap.fios-router.home","pid":3597,"level":20,"msg":"Processed: \u001b[35msource/css/images/banner.jpg\u001b[39m","time":"2016-10-12T03:05:25.524Z","v":0}
{"name":"hexo","hostname":"Cap.fios-router.home","pid":3597,"level":20,"msg":"Generator: \u001b[35mpage\u001b[39m","time":"2016-10-12T03:05:25.747Z","v":0}
{"name":"hexo","hostname":"Cap.fios-router.home","pid":3597,"level":20,"msg":"Generator: \u001b[35mpost\u001b[39m","time":"2016-10-12T03:05:25.748Z","v":0}
{"name":"hexo","hostname":"Cap.fios-router.home","pid":3597,"level":20,"msg":"Generator: \u001b[35marchive\u001b[39m","time":"2016-10-12T03:05:25.748Z","v":0}
{"name":"hexo","hostname":"Cap.fios-router.home","pid":3597,"level":20,"msg":"Generator: \u001b[35mcategory\u001b[39m","time":"2016-10-12T03:05:25.748Z","v":0}
{"name":"hexo","hostname":"Cap.fios-router.home","pid":3597,"level":20,"msg":"Generator: \u001b[35mindex\u001b[39m","time":"2016-10-12T03:05:25.748Z","v":0}
{"name":"hexo","hostname":"Cap.fios-router.home","pid":3597,"level":20,"msg":"Generator: \u001b[35mtag\u001b[39m","time":"2016-10-12T03:05:25.748Z","v":0}
{"name":"hexo","hostname":"Cap.fios-router.home","pid":3597,"level":20,"msg":"Generator: \u001b[35masset\u001b[39m","time":"2016-10-12T03:05:25.750Z","v":0}
{"name":"hexo","hostname":"Cap.fios-router.home","pid":3597,"level":30,"msg":"Hexo is running at \u001b[4mhttp://localhost:4000/\u001b[24m. Press Ctrl+C to stop.","time":"2016-10-12T03:05:25.769Z","v":0}
{"name":"hexo","hostname":"Cap.fios-router.home","pid":3597,"level":20,"msg":"Database saved","time":"2016-10-12T03:05:25.780Z","v":0}
{"name":"hexo","hostname":"Cap.fios-router.home","pid":3597,"level":20,"msg":"Rendering index: \u001b[35mindex.html\u001b[39m","time":"2016-10-12T03:05:30.774Z","v":0}
{"name":"hexo","hostname":"Cap.fios-router.home","pid":3597,"level":30,"msg":"Bye!","time":"2016-10-12T03:06:33.753Z","v":0}
{"name":"hexo","hostname":"Cap.fios-router.home","pid":3597,"level":20,"msg":"Database saved","time":"2016-10-12T03:06:33.767Z","v":0}
